CRITICAL - 2021-12-17 00:28:39 --> syntax error, unexpected '}', expecting ',' or ';'
#0 C:\xampp\htdocs\ci4\system\Router\Router.php(176): CodeIgniter\Router\Router->autoRoute('page')
#1 C:\xampp\htdocs\ci4\system\CodeIgniter.php(718): CodeIgniter\Router\Router->handle('page')
#2 C:\xampp\htdocs\ci4\system\CodeIgniter.php(359): CodeIgniter\CodeIgniter->tryToRouteIt(Object(CodeIgniter\Router\RouteCollection))
#3 C:\xampp\htdocs\ci4\system\CodeIgniter.php(318): CodeIgniter\CodeIgniter->handleRequest(NULL, Object(Config\Cache), false)
#4 C:\xampp\htdocs\ci4\public\index.php(37): CodeIgniter\CodeIgniter->run()
#5 C:\xampp\htdocs\ci4\system\Commands\Server\rewrite.php(43): require_once('C:\\xampp\\htdocs...')
#6 {main}
CRITICAL - 2021-12-17 02:02:37 --> Invalid file: about.php
#0 C:\xampp\htdocs\ci4\system\View\View.php(198): CodeIgniter\Exceptions\FrameworkException::forInvalidFile('about.php')
#1 C:\xampp\htdocs\ci4\system\Common.php(1097): CodeIgniter\View\View->render('about', Array, true)
#2 C:\xampp\htdocs\ci4\app\Controllers\page.php(14): view('about')
#3 C:\xampp\htdocs\ci4\system\CodeIgniter.php(824): App\Controllers\Page->about()
#4 C:\xampp\htdocs\ci4\system\CodeIgniter.php(410): CodeIgniter\CodeIgniter->runController(Object(App\Controllers\Page))
#5 C:\xampp\htdocs\ci4\system\CodeIgniter.php(318): CodeIgniter\CodeIgniter->handleRequest(NULL, Object(Config\Cache), false)
#6 C:\xampp\htdocs\ci4\public\index.php(37): CodeIgniter\CodeIgniter->run()
#7 C:\xampp\htdocs\ci4\system\Commands\Server\rewrite.php(43): require_once('C:\\xampp\\htdocs...')
#8 {main}
CRITICAL - 2021-12-17 02:46:19 --> Undefined variable: title
#0 C:\xampp\htdocs\ci4\app\Views\layout\header.php(11): CodeIgniter\Debug\Exceptions->errorHandler(8, 'Undefined varia...', 'C:\\xampp\\htdocs...', 11, Array)
#1 C:\xampp\htdocs\ci4\system\View\View.php(214): include('C:\\xampp\\htdocs...')
#2 C:\xampp\htdocs\ci4\system\View\View.php(217): CodeIgniter\View\View->CodeIgniter\View\{closure}()
#3 C:\xampp\htdocs\ci4\system\Common.php(1097): CodeIgniter\View\View->render('layout/header', Array, true)
#4 C:\xampp\htdocs\ci4\app\Controllers\page.php(19): view('layout/header')
#5 C:\xampp\htdocs\ci4\system\CodeIgniter.php(824): App\Controllers\Page->about()
#6 C:\xampp\htdocs\ci4\system\CodeIgniter.php(410): CodeIgniter\CodeIgniter->runController(Object(App\Controllers\Page))
#7 C:\xampp\htdocs\ci4\system\CodeIgniter.php(318): CodeIgniter\CodeIgniter->handleRequest(NULL, Object(Config\Cache), false)
#8 C:\xampp\htdocs\ci4\public\index.php(37): CodeIgniter\CodeIgniter->run()
#9 C:\xampp\htdocs\ci4\system\Commands\Server\rewrite.php(43): require_once('C:\\xampp\\htdocs...')
#10 {main}
CRITICAL - 2021-12-17 02:52:38 --> Undefined variable: title
#0 C:\xampp\htdocs\ci4\app\Views\layout\header.php(11): CodeIgniter\Debug\Exceptions->errorHandler(8, 'Undefined varia...', 'C:\\xampp\\htdocs...', 11, Array)
#1 C:\xampp\htdocs\ci4\system\View\View.php(214): include('C:\\xampp\\htdocs...')
#2 C:\xampp\htdocs\ci4\system\View\View.php(217): CodeIgniter\View\View->CodeIgniter\View\{closure}()
#3 C:\xampp\htdocs\ci4\system\Common.php(1097): CodeIgniter\View\View->render('layout/header', Array, true)
#4 C:\xampp\htdocs\ci4\app\Controllers\page.php(10): view('layout/header')
#5 C:\xampp\htdocs\ci4\system\CodeIgniter.php(824): App\Controllers\Page->home()
#6 C:\xampp\htdocs\ci4\system\CodeIgniter.php(410): CodeIgniter\CodeIgniter->runController(Object(App\Controllers\Page))
#7 C:\xampp\htdocs\ci4\system\CodeIgniter.php(318): CodeIgniter\CodeIgniter->handleRequest(NULL, Object(Config\Cache), false)
#8 C:\xampp\htdocs\ci4\public\index.php(37): CodeIgniter\CodeIgniter->run()
#9 C:\xampp\htdocs\ci4\system\Commands\Server\rewrite.php(43): require_once('C:\\xampp\\htdocs...')
#10 {main}
CRITICAL - 2021-12-17 02:55:24 --> Undefined variable: title
#0 C:\xampp\htdocs\ci4\app\Views\layout\header.php(11): CodeIgniter\Debug\Exceptions->errorHandler(8, 'Undefined varia...', 'C:\\xampp\\htdocs...', 11, Array)
#1 C:\xampp\htdocs\ci4\system\View\View.php(214): include('C:\\xampp\\htdocs...')
#2 C:\xampp\htdocs\ci4\system\View\View.php(217): CodeIgniter\View\View->CodeIgniter\View\{closure}()
#3 C:\xampp\htdocs\ci4\system\Common.php(1097): CodeIgniter\View\View->render('layout/header', Array, true)
#4 C:\xampp\htdocs\ci4\app\Controllers\page.php(21): view('layout/header')
#5 C:\xampp\htdocs\ci4\system\CodeIgniter.php(824): App\Controllers\Page->about()
#6 C:\xampp\htdocs\ci4\system\CodeIgniter.php(410): CodeIgniter\CodeIgniter->runController(Object(App\Controllers\Page))
#7 C:\xampp\htdocs\ci4\system\CodeIgniter.php(318): CodeIgniter\CodeIgniter->handleRequest(NULL, Object(Config\Cache), false)
#8 C:\xampp\htdocs\ci4\public\index.php(37): CodeIgniter\CodeIgniter->run()
#9 C:\xampp\htdocs\ci4\system\Commands\Server\rewrite.php(43): require_once('C:\\xampp\\htdocs...')
#10 {main}
CRITICAL - 2021-12-17 03:01:29 --> Undefined variable: title
#0 C:\xampp\htdocs\ci4\app\Views\layout\header.php(11): CodeIgniter\Debug\Exceptions->errorHandler(8, 'Undefined varia...', 'C:\\xampp\\htdocs...', 11, Array)
#1 C:\xampp\htdocs\ci4\system\View\View.php(214): include('C:\\xampp\\htdocs...')
#2 C:\xampp\htdocs\ci4\system\View\View.php(217): CodeIgniter\View\View->CodeIgniter\View\{closure}()
#3 C:\xampp\htdocs\ci4\system\Common.php(1097): CodeIgniter\View\View->render('layout/header', Array, true)
#4 C:\xampp\htdocs\ci4\app\Controllers\page.php(22): view('layout/header')
#5 C:\xampp\htdocs\ci4\system\CodeIgniter.php(824): App\Controllers\Page->about()
#6 C:\xampp\htdocs\ci4\system\CodeIgniter.php(410): CodeIgniter\CodeIgniter->runController(Object(App\Controllers\Page))
#7 C:\xampp\htdocs\ci4\system\CodeIgniter.php(318): CodeIgniter\CodeIgniter->handleRequest(NULL, Object(Config\Cache), false)
#8 C:\xampp\htdocs\ci4\public\index.php(37): CodeIgniter\CodeIgniter->run()
#9 C:\xampp\htdocs\ci4\system\Commands\Server\rewrite.php(43): require_once('C:\\xampp\\htdocs...')
#10 {main}
CRITICAL - 2021-12-17 03:01:53 --> Undefined variable: title
#0 C:\xampp\htdocs\ci4\app\Views\layout\header.php(11): CodeIgniter\Debug\Exceptions->errorHandler(8, 'Undefined varia...', 'C:\\xampp\\htdocs...', 11, Array)
#1 C:\xampp\htdocs\ci4\system\View\View.php(214): include('C:\\xampp\\htdocs...')
#2 C:\xampp\htdocs\ci4\system\View\View.php(217): CodeIgniter\View\View->CodeIgniter\View\{closure}()
#3 C:\xampp\htdocs\ci4\system\Common.php(1097): CodeIgniter\View\View->render('layout/header', Array, true)
#4 C:\xampp\htdocs\ci4\app\Controllers\page.php(22): view('layout/header')
#5 C:\xampp\htdocs\ci4\system\CodeIgniter.php(824): App\Controllers\Page->about()
#6 C:\xampp\htdocs\ci4\system\CodeIgniter.php(410): CodeIgniter\CodeIgniter->runController(Object(App\Controllers\Page))
#7 C:\xampp\htdocs\ci4\system\CodeIgniter.php(318): CodeIgniter\CodeIgniter->handleRequest(NULL, Object(Config\Cache), false)
#8 C:\xampp\htdocs\ci4\public\index.php(37): CodeIgniter\CodeIgniter->run()
#9 C:\xampp\htdocs\ci4\system\Commands\Server\rewrite.php(43): require_once('C:\\xampp\\htdocs...')
#10 {main}
CRITICAL - 2021-12-17 03:04:16 --> Undefined variable: title
#0 C:\xampp\htdocs\ci4\app\Views\layout\header.php(11): CodeIgniter\Debug\Exceptions->errorHandler(8, 'Undefined varia...', 'C:\\xampp\\htdocs...', 11, Array)
#1 C:\xampp\htdocs\ci4\system\View\View.php(214): include('C:\\xampp\\htdocs...')
#2 C:\xampp\htdocs\ci4\system\View\View.php(217): CodeIgniter\View\View->CodeIgniter\View\{closure}()
#3 C:\xampp\htdocs\ci4\system\Common.php(1097): CodeIgniter\View\View->render('layout/header', Array, true)
#4 C:\xampp\htdocs\ci4\app\Controllers\page.php(25): view('layout/header')
#5 C:\xampp\htdocs\ci4\system\CodeIgniter.php(824): App\Controllers\Page->about()
#6 C:\xampp\htdocs\ci4\system\CodeIgniter.php(410): CodeIgniter\CodeIgniter->runController(Object(App\Controllers\Page))
#7 C:\xampp\htdocs\ci4\system\CodeIgniter.php(318): CodeIgniter\CodeIgniter->handleRequest(NULL, Object(Config\Cache), false)
#8 C:\xampp\htdocs\ci4\public\index.php(37): CodeIgniter\CodeIgniter->run()
#9 C:\xampp\htdocs\ci4\system\Commands\Server\rewrite.php(43): require_once('C:\\xampp\\htdocs...')
#10 {main}
CRITICAL - 2021-12-17 03:04:17 --> Undefined variable: title
#0 C:\xampp\htdocs\ci4\app\Views\layout\header.php(11): CodeIgniter\Debug\Exceptions->errorHandler(8, 'Undefined varia...', 'C:\\xampp\\htdocs...', 11, Array)
#1 C:\xampp\htdocs\ci4\system\View\View.php(214): include('C:\\xampp\\htdocs...')
#2 C:\xampp\htdocs\ci4\system\View\View.php(217): CodeIgniter\View\View->CodeIgniter\View\{closure}()
#3 C:\xampp\htdocs\ci4\system\Common.php(1097): CodeIgniter\View\View->render('layout/header', Array, true)
#4 C:\xampp\htdocs\ci4\app\Controllers\page.php(25): view('layout/header')
#5 C:\xampp\htdocs\ci4\system\CodeIgniter.php(824): App\Controllers\Page->about()
#6 C:\xampp\htdocs\ci4\system\CodeIgniter.php(410): CodeIgniter\CodeIgniter->runController(Object(App\Controllers\Page))
#7 C:\xampp\htdocs\ci4\system\CodeIgniter.php(318): CodeIgniter\CodeIgniter->handleRequest(NULL, Object(Config\Cache), false)
#8 C:\xampp\htdocs\ci4\public\index.php(37): CodeIgniter\CodeIgniter->run()
#9 C:\xampp\htdocs\ci4\system\Commands\Server\rewrite.php(43): require_once('C:\\xampp\\htdocs...')
#10 {main}
CRITICAL - 2021-12-17 03:04:20 --> Undefined variable: title
#0 C:\xampp\htdocs\ci4\app\Views\layout\header.php(11): CodeIgniter\Debug\Exceptions->errorHandler(8, 'Undefined varia...', 'C:\\xampp\\htdocs...', 11, Array)
#1 C:\xampp\htdocs\ci4\system\View\View.php(214): include('C:\\xampp\\htdocs...')
#2 C:\xampp\htdocs\ci4\system\View\View.php(217): CodeIgniter\View\View->CodeIgniter\View\{closure}()
#3 C:\xampp\htdocs\ci4\system\Common.php(1097): CodeIgniter\View\View->render('layout/header', Array, true)
#4 C:\xampp\htdocs\ci4\app\Controllers\page.php(25): view('layout/header')
#5 C:\xampp\htdocs\ci4\system\CodeIgniter.php(824): App\Controllers\Page->about()
#6 C:\xampp\htdocs\ci4\system\CodeIgniter.php(410): CodeIgniter\CodeIgniter->runController(Object(App\Controllers\Page))
#7 C:\xampp\htdocs\ci4\system\CodeIgniter.php(318): CodeIgniter\CodeIgniter->handleRequest(NULL, Object(Config\Cache), false)
#8 C:\xampp\htdocs\ci4\public\index.php(37): CodeIgniter\CodeIgniter->run()
#9 C:\xampp\htdocs\ci4\system\Commands\Server\rewrite.php(43): require_once('C:\\xampp\\htdocs...')
#10 {main}
CRITICAL - 2021-12-17 03:05:04 --> Undefined variable: tes
#0 C:\xampp\htdocs\ci4\app\Views\page\home.php(6): CodeIgniter\Debug\Exceptions->errorHandler(8, 'Undefined varia...', 'C:\\xampp\\htdocs...', 6, Array)
#1 C:\xampp\htdocs\ci4\system\View\View.php(214): include('C:\\xampp\\htdocs...')
#2 C:\xampp\htdocs\ci4\system\View\View.php(217): CodeIgniter\View\View->CodeIgniter\View\{closure}()
#3 C:\xampp\htdocs\ci4\system\Common.php(1097): CodeIgniter\View\View->render('page/home', Array, true)
#4 C:\xampp\htdocs\ci4\app\Controllers\page.php(15): view('page/home')
#5 C:\xampp\htdocs\ci4\system\CodeIgniter.php(824): App\Controllers\Page->home()
#6 C:\xampp\htdocs\ci4\system\CodeIgniter.php(410): CodeIgniter\CodeIgniter->runController(Object(App\Controllers\Page))
#7 C:\xampp\htdocs\ci4\system\CodeIgniter.php(318): CodeIgniter\CodeIgniter->handleRequest(NULL, Object(Config\Cache), false)
#8 C:\xampp\htdocs\ci4\public\index.php(37): CodeIgniter\CodeIgniter->run()
#9 C:\xampp\htdocs\ci4\system\Commands\Server\rewrite.php(43): require_once('C:\\xampp\\htdocs...')
#10 {main}
CRITICAL - 2021-12-17 03:05:50 --> Undefined variable: title
#0 C:\xampp\htdocs\ci4\app\Views\layout\header.php(11): CodeIgniter\Debug\Exceptions->errorHandler(8, 'Undefined varia...', 'C:\\xampp\\htdocs...', 11, Array)
#1 C:\xampp\htdocs\ci4\system\View\View.php(214): include('C:\\xampp\\htdocs...')
#2 C:\xampp\htdocs\ci4\system\View\View.php(217): CodeIgniter\View\View->CodeIgniter\View\{closure}()
#3 C:\xampp\htdocs\ci4\system\Common.php(1097): CodeIgniter\View\View->render('layout/header', Array, true)
#4 C:\xampp\htdocs\ci4\app\Controllers\page.php(24): view('layout/header')
#5 C:\xampp\htdocs\ci4\system\CodeIgniter.php(824): App\Controllers\Page->about()
#6 C:\xampp\htdocs\ci4\system\CodeIgniter.php(410): CodeIgniter\CodeIgniter->runController(Object(App\Controllers\Page))
#7 C:\xampp\htdocs\ci4\system\CodeIgniter.php(318): CodeIgniter\CodeIgniter->handleRequest(NULL, Object(Config\Cache), false)
#8 C:\xampp\htdocs\ci4\public\index.php(37): CodeIgniter\CodeIgniter->run()
#9 C:\xampp\htdocs\ci4\system\Commands\Server\rewrite.php(43): require_once('C:\\xampp\\htdocs...')
#10 {main}
CRITICAL - 2021-12-17 04:10:35 --> Undefined variable: alamat
#0 C:\xampp\htdocs\ci4\app\Views\page\contact.php(9): CodeIgniter\Debug\Exceptions->errorHandler(8, 'Undefined varia...', 'C:\\xampp\\htdocs...', 9, Array)
#1 C:\xampp\htdocs\ci4\system\View\View.php(214): include('C:\\xampp\\htdocs...')
#2 C:\xampp\htdocs\ci4\system\View\View.php(217): CodeIgniter\View\View->CodeIgniter\View\{closure}()
#3 C:\xampp\htdocs\ci4\system\Common.php(1097): CodeIgniter\View\View->render('page/contact', Array, true)
#4 C:\xampp\htdocs\ci4\app\Controllers\page.php(38): view('page/contact')
#5 C:\xampp\htdocs\ci4\system\CodeIgniter.php(824): App\Controllers\Page->contact()
#6 C:\xampp\htdocs\ci4\system\CodeIgniter.php(410): CodeIgniter\CodeIgniter->runController(Object(App\Controllers\Page))
#7 C:\xampp\htdocs\ci4\system\CodeIgniter.php(318): CodeIgniter\CodeIgniter->handleRequest(NULL, Object(Config\Cache), false)
#8 C:\xampp\htdocs\ci4\public\index.php(37): CodeIgniter\CodeIgniter->run()
#9 C:\xampp\htdocs\ci4\system\Commands\Server\rewrite.php(43): require_once('C:\\xampp\\htdocs...')
#10 {main}
CRITICAL - 2021-12-17 04:12:02 --> Undefined variable: alamat
#0 C:\xampp\htdocs\ci4\app\Views\page\contact.php(8): CodeIgniter\Debug\Exceptions->errorHandler(8, 'Undefined varia...', 'C:\\xampp\\htdocs...', 8, Array)
#1 C:\xampp\htdocs\ci4\system\View\View.php(214): include('C:\\xampp\\htdocs...')
#2 C:\xampp\htdocs\ci4\system\View\View.php(217): CodeIgniter\View\View->CodeIgniter\View\{closure}()
#3 C:\xampp\htdocs\ci4\system\Common.php(1097): CodeIgniter\View\View->render('page/contact', Array, true)
#4 C:\xampp\htdocs\ci4\app\Controllers\page.php(38): view('page/contact')
#5 C:\xampp\htdocs\ci4\system\CodeIgniter.php(824): App\Controllers\Page->contact()
#6 C:\xampp\htdocs\ci4\system\CodeIgniter.php(410): CodeIgniter\CodeIgniter->runController(Object(App\Controllers\Page))
#7 C:\xampp\htdocs\ci4\system\CodeIgniter.php(318): CodeIgniter\CodeIgniter->handleRequest(NULL, Object(Config\Cache), false)
#8 C:\xampp\htdocs\ci4\public\index.php(37): CodeIgniter\CodeIgniter->run()
#9 C:\xampp\htdocs\ci4\system\Commands\Server\rewrite.php(43): require_once('C:\\xampp\\htdocs...')
#10 {main}
CRITICAL - 2021-12-17 04:13:23 --> Undefined variable: alamat
#0 C:\xampp\htdocs\ci4\app\Views\page\contact.php(8): CodeIgniter\Debug\Exceptions->errorHandler(8, 'Undefined varia...', 'C:\\xampp\\htdocs...', 8, Array)
#1 C:\xampp\htdocs\ci4\system\View\View.php(214): include('C:\\xampp\\htdocs...')
#2 C:\xampp\htdocs\ci4\system\View\View.php(217): CodeIgniter\View\View->CodeIgniter\View\{closure}()
#3 C:\xampp\htdocs\ci4\system\Common.php(1097): CodeIgniter\View\View->render('page/contact', Array, true)
#4 C:\xampp\htdocs\ci4\app\Controllers\page.php(38): view('page/contact')
#5 C:\xampp\htdocs\ci4\system\CodeIgniter.php(824): App\Controllers\Page->contact()
#6 C:\xampp\htdocs\ci4\system\CodeIgniter.php(410): CodeIgniter\CodeIgniter->runController(Object(App\Controllers\Page))
#7 C:\xampp\htdocs\ci4\system\CodeIgniter.php(318): CodeIgniter\CodeIgniter->handleRequest(NULL, Object(Config\Cache), false)
#8 C:\xampp\htdocs\ci4\public\index.php(37): CodeIgniter\CodeIgniter->run()
#9 C:\xampp\htdocs\ci4\system\Commands\Server\rewrite.php(43): require_once('C:\\xampp\\htdocs...')
#10 {main}
